# ******************************************************
# PLUTO 4.2 Grid File
# Generated on  Sat Apr  8 16:14:33 2017
# 
# DIMENSIONS: 3
# GEOMETRY:   SPHERICAL
# X1: [ 1.000000,  2.000000], 100 point(s), 2 ghosts
# X2: [ 0.000000,  3.141593], 32 point(s), 2 ghosts
# X3: [ 0.000000,  6.283185], 32 point(s), 2 ghosts
# ******************************************************
100 
 1   1.000000000000e+00    1.010000000000e+00
 2   1.010000000000e+00    1.020000000000e+00
 3   1.020000000000e+00    1.030000000000e+00
 4   1.030000000000e+00    1.040000000000e+00
 5   1.040000000000e+00    1.050000000000e+00
 6   1.050000000000e+00    1.060000000000e+00
 7   1.060000000000e+00    1.070000000000e+00
 8   1.070000000000e+00    1.080000000000e+00
 9   1.080000000000e+00    1.090000000000e+00
 10   1.090000000000e+00    1.100000000000e+00
 11   1.100000000000e+00    1.110000000000e+00
 12   1.110000000000e+00    1.120000000000e+00
 13   1.120000000000e+00    1.130000000000e+00
 14   1.130000000000e+00    1.140000000000e+00
 15   1.140000000000e+00    1.150000000000e+00
 16   1.150000000000e+00    1.160000000000e+00
 17   1.160000000000e+00    1.170000000000e+00
 18   1.170000000000e+00    1.180000000000e+00
 19   1.180000000000e+00    1.190000000000e+00
 20   1.190000000000e+00    1.200000000000e+00
 21   1.200000000000e+00    1.210000000000e+00
 22   1.210000000000e+00    1.220000000000e+00
 23   1.220000000000e+00    1.230000000000e+00
 24   1.230000000000e+00    1.240000000000e+00
 25   1.240000000000e+00    1.250000000000e+00
 26   1.250000000000e+00    1.260000000000e+00
 27   1.260000000000e+00    1.270000000000e+00
 28   1.270000000000e+00    1.280000000000e+00
 29   1.280000000000e+00    1.290000000000e+00
 30   1.290000000000e+00    1.300000000000e+00
 31   1.300000000000e+00    1.310000000000e+00
 32   1.310000000000e+00    1.320000000000e+00
 33   1.320000000000e+00    1.330000000000e+00
 34   1.330000000000e+00    1.340000000000e+00
 35   1.340000000000e+00    1.350000000000e+00
 36   1.350000000000e+00    1.360000000000e+00
 37   1.360000000000e+00    1.370000000000e+00
 38   1.370000000000e+00    1.380000000000e+00
 39   1.380000000000e+00    1.390000000000e+00
 40   1.390000000000e+00    1.400000000000e+00
 41   1.400000000000e+00    1.410000000000e+00
 42   1.410000000000e+00    1.420000000000e+00
 43   1.420000000000e+00    1.430000000000e+00
 44   1.430000000000e+00    1.440000000000e+00
 45   1.440000000000e+00    1.450000000000e+00
 46   1.450000000000e+00    1.460000000000e+00
 47   1.460000000000e+00    1.470000000000e+00
 48   1.470000000000e+00    1.480000000000e+00
 49   1.480000000000e+00    1.490000000000e+00
 50   1.490000000000e+00    1.500000000000e+00
 51   1.500000000000e+00    1.510000000000e+00
 52   1.510000000000e+00    1.520000000000e+00
 53   1.520000000000e+00    1.530000000000e+00
 54   1.530000000000e+00    1.540000000000e+00
 55   1.540000000000e+00    1.550000000000e+00
 56   1.550000000000e+00    1.560000000000e+00
 57   1.560000000000e+00    1.570000000000e+00
 58   1.570000000000e+00    1.580000000000e+00
 59   1.580000000000e+00    1.590000000000e+00
 60   1.590000000000e+00    1.600000000000e+00
 61   1.600000000000e+00    1.610000000000e+00
 62   1.610000000000e+00    1.620000000000e+00
 63   1.620000000000e+00    1.630000000000e+00
 64   1.630000000000e+00    1.640000000000e+00
 65   1.640000000000e+00    1.650000000000e+00
 66   1.650000000000e+00    1.660000000000e+00
 67   1.660000000000e+00    1.670000000000e+00
 68   1.670000000000e+00    1.680000000000e+00
 69   1.680000000000e+00    1.690000000000e+00
 70   1.690000000000e+00    1.700000000000e+00
 71   1.700000000000e+00    1.710000000000e+00
 72   1.710000000000e+00    1.720000000000e+00
 73   1.720000000000e+00    1.730000000000e+00
 74   1.730000000000e+00    1.740000000000e+00
 75   1.740000000000e+00    1.750000000000e+00
 76   1.750000000000e+00    1.760000000000e+00
 77   1.760000000000e+00    1.770000000000e+00
 78   1.770000000000e+00    1.780000000000e+00
 79   1.780000000000e+00    1.790000000000e+00
 80   1.790000000000e+00    1.800000000000e+00
 81   1.800000000000e+00    1.810000000000e+00
 82   1.810000000000e+00    1.820000000000e+00
 83   1.820000000000e+00    1.830000000000e+00
 84   1.830000000000e+00    1.840000000000e+00
 85   1.840000000000e+00    1.850000000000e+00
 86   1.850000000000e+00    1.860000000000e+00
 87   1.860000000000e+00    1.870000000000e+00
 88   1.870000000000e+00    1.880000000000e+00
 89   1.880000000000e+00    1.890000000000e+00
 90   1.890000000000e+00    1.900000000000e+00
 91   1.900000000000e+00    1.910000000000e+00
 92   1.910000000000e+00    1.920000000000e+00
 93   1.920000000000e+00    1.930000000000e+00
 94   1.930000000000e+00    1.940000000000e+00
 95   1.940000000000e+00    1.950000000000e+00
 96   1.950000000000e+00    1.960000000000e+00
 97   1.960000000000e+00    1.970000000000e+00
 98   1.970000000000e+00    1.980000000000e+00
 99   1.980000000000e+00    1.990000000000e+00
 100   1.990000000000e+00    2.000000000000e+00
32 
 1   0.000000000000e+00    9.817477042469e-02
 2   9.817477042469e-02    1.963495408494e-01
 3   1.963495408494e-01    2.945243112741e-01
 4   2.945243112741e-01    3.926990816988e-01
 5   3.926990816988e-01    4.908738521234e-01
 6   4.908738521234e-01    5.890486225481e-01
 7   5.890486225481e-01    6.872233929728e-01
 8   6.872233929728e-01    7.853981633975e-01
 9   7.853981633975e-01    8.835729338222e-01
 10   8.835729338222e-01    9.817477042469e-01
 11   9.817477042469e-01    1.079922474672e+00
 12   1.079922474672e+00    1.178097245096e+00
 13   1.178097245096e+00    1.276272015521e+00
 14   1.276272015521e+00    1.374446785946e+00
 15   1.374446785946e+00    1.472621556370e+00
 16   1.472621556370e+00    1.570796326795e+00
 17   1.570796326795e+00    1.668971097220e+00
 18   1.668971097220e+00    1.767145867644e+00
 19   1.767145867644e+00    1.865320638069e+00
 20   1.865320638069e+00    1.963495408494e+00
 21   1.963495408494e+00    2.061670178918e+00
 22   2.061670178918e+00    2.159844949343e+00
 23   2.159844949343e+00    2.258019719768e+00
 24   2.258019719768e+00    2.356194490192e+00
 25   2.356194490193e+00    2.454369260617e+00
 26   2.454369260617e+00    2.552544031042e+00
 27   2.552544031042e+00    2.650718801467e+00
 28   2.650718801467e+00    2.748893571891e+00
 29   2.748893571891e+00    2.847068342316e+00
 30   2.847068342316e+00    2.945243112741e+00
 31   2.945243112741e+00    3.043417883165e+00
 32   3.043417883165e+00    3.141592653590e+00
32 
 1   0.000000000000e+00    1.963495408494e-01
 2   1.963495408494e-01    3.926990816988e-01
 3   3.926990816988e-01    5.890486225481e-01
 4   5.890486225481e-01    7.853981633975e-01
 5   7.853981633975e-01    9.817477042469e-01
 6   9.817477042469e-01    1.178097245096e+00
 7   1.178097245096e+00    1.374446785946e+00
 8   1.374446785946e+00    1.570796326795e+00
 9   1.570796326795e+00    1.767145867644e+00
 10   1.767145867644e+00    1.963495408494e+00
 11   1.963495408494e+00    2.159844949343e+00
 12   2.159844949343e+00    2.356194490193e+00
 13   2.356194490193e+00    2.552544031042e+00
 14   2.552544031042e+00    2.748893571891e+00
 15   2.748893571891e+00    2.945243112741e+00
 16   2.945243112741e+00    3.141592653590e+00
 17   3.141592653590e+00    3.337942194439e+00
 18   3.337942194439e+00    3.534291735289e+00
 19   3.534291735289e+00    3.730641276138e+00
 20   3.730641276138e+00    3.926990816988e+00
 21   3.926990816987e+00    4.123340357837e+00
 22   4.123340357837e+00    4.319689898686e+00
 23   4.319689898686e+00    4.516039439536e+00
 24   4.516039439536e+00    4.712388980385e+00
 25   4.712388980385e+00    4.908738521234e+00
 26   4.908738521234e+00    5.105088062084e+00
 27   5.105088062084e+00    5.301437602933e+00
 28   5.301437602933e+00    5.497787143782e+00
 29   5.497787143783e+00    5.694136684632e+00
 30   5.694136684632e+00    5.890486225481e+00
 31   5.890486225481e+00    6.086835766331e+00
 32   6.086835766331e+00    6.283185307180e+00
